{
  "stats": {
    "suites": 1,
    "tests": 2,
    "passes": 2,
    "pending": 0,
    "failures": 0,
    "start": "2021-08-04T11:04:23.193Z",
    "end": "2021-08-04T11:04:23.327Z",
    "duration": 134,
    "testsRegistered": 2,
    "passPercent": 100,
    "pendingPercent": 0,
    "other": 0,
    "hasOther": false,
    "skipped": 0,
    "hasSkipped": false
  },
  "results": [
    {
      "uuid": "78efbd02-1737-4245-abc8-bb03abbd7ddc",
      "title": "",
      "fullFile": "",
      "file": "",
      "beforeHooks": [],
      "afterHooks": [],
      "tests": [],
      "suites": [
        {
          "uuid": "18d27609-7ab8-45ba-8e5e-8b119ad69200",
          "title": "GET /",
          "fullFile": "/home/sajeelkhan/Desktop/simple-web-app/simple-web-app/server/test/unit/index.js",
          "file": "/test/unit/index.js",
          "beforeHooks": [],
          "afterHooks": [],
          "tests": [
            {
              "title": "Should return an HTML page",
              "fullTitle": "GET / Should return an HTML page",
              "timedOut": false,
              "duration": 88,
              "state": "passed",
              "speed": "slow",
              "pass": true,
              "fail": false,
              "pending": false,
              "context": null,
              "code": "_chai.default.request(_index.default).get(\"/\").end(async (err, res) => {\n  if (err) done(err);\n  (0, _chai.expect)(res).to.be.html;\n  done();\n});",
              "err": {},
              "uuid": "a5b84176-c3c8-4764-aa53-c39a1ac552ca",
              "parentUUID": "18d27609-7ab8-45ba-8e5e-8b119ad69200",
              "isHook": false,
              "skipped": false
            },
            {
              "title": "Should contain a title as an <h1> tag",
              "fullTitle": "GET / Should contain a title as an <h1> tag",
              "timedOut": false,
              "duration": 9,
              "state": "passed",
              "speed": "fast",
              "pass": true,
              "fail": false,
              "pending": false,
              "context": null,
              "code": "_chai.default.request(_index.default).get(\"/\").end(async (err, res) => {\n  if (err) done(err);\n  res.text.should.match(/<h1>.*<\\/h1>/g);\n  done();\n});",
              "err": {},
              "uuid": "e0457973-1639-419a-a0ab-992e08e1de94",
              "parentUUID": "18d27609-7ab8-45ba-8e5e-8b119ad69200",
              "isHook": false,
              "skipped": false
            }
          ],
          "suites": [],
          "passes": [
            "a5b84176-c3c8-4764-aa53-c39a1ac552ca",
            "e0457973-1639-419a-a0ab-992e08e1de94"
          ],
          "failures": [],
          "pending": [],
          "skipped": [],
          "duration": 97,
          "root": false,
          "rootEmpty": false,
          "_timeout": 10000
        }
      ],
      "passes": [],
      "failures": [],
      "pending": [],
      "skipped": [],
      "duration": 0,
      "root": true,
      "rootEmpty": true,
      "_timeout": 10000
    }
  ],
  "meta": {
    "mocha": {
      "version": "8.3.2"
    },
    "mochawesome": {
      "options": {
        "quiet": false,
        "reportFilename": "mochawesome",
        "saveHtml": true,
        "saveJson": true,
        "consoleReporter": "spec",
        "useInlineDiffs": false,
        "code": true
      },
      "version": "6.2.2"
    },
    "marge": {
      "options": null,
      "version": "5.2.0"
    }
  }
}